<?xml version="1.0" encoding="UTF-8"?>
<testsuite xmlns:xsi="http://www.w3.org/2001/XMLSchema-instance" xsi:noNamespaceSchemaLocation="https://maven.apache.org/surefire/maven-surefire-plugin/xsd/surefire-test-report-3.0.xsd" version="3.0" name="SpellDmgTest" time="0.007" tests="4" errors="0" skipped="0" failures="0">
  <properties>
[...]
</properties>
  <testcase name="testSpellDmgConstructor" classname="SpellDmgTest" time="0.001"/>
  <testcase name="testGetDescCombat" classname="SpellDmgTest" time="0.001"/>
  <testcase name="testApplicaEffettoInsufficientMana" classname="SpellDmgTest" time="0.0"/>
  <testcase name="testApplicaEffettoSuccess" classname="SpellDmgTest" time="0.002">
    <system-out><![CDATA[[Fuoco] usa Fuoco!
Fuoco infligge 20.0 danni.
]]></system-out>
  </testcase>
</testsuite>